<?xml version="1.0" encoding="UTF-8"?>
<!-- Generated by org.testng.reporters.JUnitReportReporter -->
<testsuite skipped="0" hostname="DESKTOP-TY" name="tests.MercuryToursLoginTest" tests="1" failures="0" timestamp="2020-03-06T23:09:31 CST" time="9.547" errors="0">
  <testcase name="LoginApp" time="9.547" classname="tests.MercuryToursLoginTest"/>
  <system-out/>
</testsuite> <!-- tests.MercuryToursLoginTest -->
