<?xml version="1.0" encoding="UTF-8"?>
<!-- Generated by org.testng.reporters.JUnitReportReporter -->
<testsuite skipped="0" hostname="DESKTOP-TY" name="tests.TestBase" tests="1" failures="0" timestamp="2020-03-06T19:56:29 CST" time="13.204" errors="0">
  <testcase name="initialize" time="13.204" classname="tests.TestBase"/>
  <system-out/>
</testsuite> <!-- tests.TestBase -->
